<?xml version="1.0" encoding="UTF-8"?>
<!-- Generated by org.testng.reporters.JUnitReportReporter -->
<testsuite name="com.volvo.lisa.page_test.POC_IE_Browser" tests="1" time="169.813" ignored="0" failures="0" timestamp="28 May 2020 09:39:48 GMT" skipped="0" hostname="INBLRWIT247622" errors="0">
  <testcase name="testMFOnlineScreens" time="169.813" classname="com.volvo.lisa.page_test.POC_IE_Browser"/>
</testsuite> <!-- com.volvo.lisa.page_test.POC_IE_Browser -->
