<?xml version="1.0" encoding="UTF-8"?>
<!-- Generated by org.testng.reporters.JUnitReportReporter -->
<testsuite name="com.volvo.lisa.poc.POC_LisaMA" tests="1" time="112.751" ignored="0" failures="0" timestamp="15 Sep 2020 13:55:51 GMT" skipped="0" hostname="INBLRWIT247622" errors="0">
  <testcase name="testMFOnlineScreens" time="112.751" classname="com.volvo.lisa.poc.POC_LisaMA"/>
</testsuite> <!-- com.volvo.lisa.poc.POC_LisaMA -->
