<?xml version="1.0" encoding="UTF-8"?>
<!-- Generated by org.testng.reporters.JUnitReportReporter -->
<testsuite name="com.volvo.lisaclassic.sanitychecks.POC_LisaMA" tests="1" time="118.012" ignored="0" failures="0" timestamp="28 Apr 2020 10:54:44 GMT" skipped="0" hostname="INBLRWIT247622" errors="0">
  <testcase name="testMFOnlineScreens" time="118.012" classname="com.volvo.lisaclassic.sanitychecks.POC_LisaMA"/>
</testsuite> <!-- com.volvo.lisaclassic.sanitychecks.POC_LisaMA -->
