<?xml version="1.0" encoding="UTF-8"?>
<!-- Generated by org.testng.reporters.JUnitReportReporter -->
<testsuite name="com.volvo.lisa.page.testclass" tests="1" time="38.556" ignored="0" failures="0" timestamp="19 Jun 2020 12:23:44 GMT" skipped="0" hostname="INBLRWIT247622" errors="0">
  <testcase name="test1" time="38.556" classname="com.volvo.lisa.page.testclass"/>
</testsuite> <!-- com.volvo.lisa.page.testclass -->
