<?xml version="1.0" encoding="UTF-8"?>
<!-- Generated by org.testng.reporters.JUnitReportReporter -->
<testsuite name="com.volvo.lisa.page_test.Manage_TC" tests="1" time="1.452" ignored="0" failures="0" timestamp="15 Jun 2020 19:33:49 GMT" skipped="0" hostname="INBLRWIT247622" errors="0">
  <testcase name="verifyManageScreen" time="1.452" classname="com.volvo.lisa.page_test.Manage_TC"/>
</testsuite> <!-- com.volvo.lisa.page_test.Manage_TC -->
