<?xml version="1.0" encoding="UTF-8"?>
<!-- Generated by org.testng.reporters.JUnitReportReporter -->
<testsuite name="com.volvo.lisaclassic.sanitychecks.POC_IE_Browser" tests="1" time="164.145" ignored="0" failures="0" timestamp="28 May 2020 07:05:13 GMT" skipped="0" hostname="INBLRWIT247622" errors="0">
  <testcase name="testMFOnlineScreens" time="164.145" classname="com.volvo.lisaclassic.sanitychecks.POC_IE_Browser"/>
</testsuite> <!-- com.volvo.lisaclassic.sanitychecks.POC_IE_Browser -->
