<?xml version="1.0" encoding="UTF-8"?>
<!-- Generated by org.testng.reporters.JUnitReportReporter -->
<testsuite name="com.volvo.lisa.test.Manage_TC" tests="4" time="198.650" ignored="0" failures="0" timestamp="22 Oct 2020 06:32:46 GMT" skipped="0" hostname="INBLRWIT247622" errors="0">
  <testcase name="TC1_verifyManageScreen" time="61.797" classname="com.volvo.lisa.test.Manage_TC"/>
  <testcase name="TC3_verifyStandardPartsScreen" time="52.761" classname="com.volvo.lisa.test.Manage_TC"/>
  <testcase name="TC4_verifySearchScreen" time="36.554" classname="com.volvo.lisa.test.Manage_TC"/>
  <testcase name="TC2_verifyCorrectionsScreen" time="47.538" classname="com.volvo.lisa.test.Manage_TC"/>
</testsuite> <!-- com.volvo.lisa.test.Manage_TC -->
